<?xml version="1.0" encoding="UTF-8"?>
<!-- Generated by org.testng.reporters.JUnitReportReporter -->
<testsuite skipped="0" hostname="DESKTOP-DQBQRMB" name="com.expidia.Expidia_bootcamp" tests="1" failures="0" timestamp="2020-03-20T22:17:04 CDT" time="56.725" errors="0">
  <testcase name="f" time="56.725" classname="com.expidia.Expidia_bootcamp"/>
  <system-out/>
</testsuite> <!-- com.expidia.Expidia_bootcamp -->
