<?xml version="1.0" encoding="UTF-8"?>
<!-- Generated by org.testng.reporters.JUnitReportReporter -->
<testsuite skipped="0" hostname="DESKTOP-DQBQRMB" name="com.HomeDepot.Bootcam_2020.NewTest" tests="2" failures="0" timestamp="2020-03-20T09:26:06 CDT" time="12.411" errors="0">
  <testcase name="SignIn" time="6.723" classname="com.HomeDepot.Bootcam_2020.NewTest"/>
  <system-out/>
  <testcase name="Home" time="5.688" classname="com.HomeDepot.Bootcam_2020.NewTest"/>
  <system-out/>
</testsuite> <!-- com.HomeDepot.Bootcam_2020.NewTest -->
